*+ WARNING: !! in  matrix:
 * Largest singular value=2.21334
 * 1 singular value is less than cutoff=2.21334e-07
 * Implies strong collinearity in the matrix columns! 
*+ WARNING: -GOFORIT ==> Charging ahead into battle!
*+ WARNING: -----
*+ WARNING: QR decomposition of [R]^(-1/2) [X] had 1 collinearity problem
*+ WARNING: -----
*+ WARNING: QR decomposition of GLT setup 46x28 matrix had 1 collinearity problem
*+ WARNING: QR decomposition of GLT setup 46x28 matrix had 2 collinearity problems
*+ WARNING: QR decomposition of GLT setup 46x28 matrix had 3 collinearity problems
*+ WARNING: Smallest FDR q [5 redBLUE#0_Tstat] = 0.138873 ==> few true single voxel detections
*+ WARNING: Smallest FDR q [6 redBLUE_Fstat] = 0.138873 ==> few true single voxel detections
*+ WARNING: Smallest FDR q [8 whiteBLUE#0_Tstat] = 0.439007 ==> few true single voxel detections
*+ WARNING: Smallest FDR q [9 whiteBLUE_Fstat] = 0.439007 ==> few true single voxel detections
*+ WARNING: Smallest FDR q [11 bluePURPLE#0_Tstat] = 0.98637 ==> few true single voxel detections
*+ WARNING: Smallest FDR q [12 bluePURPLE_Fstat] = 0.986369 ==> few true single voxel detections
*+ WARNING: Smallest FDR q [20 blueRED#0_Tstat] = 0.334498 ==> few true single voxel detections
*+ WARNING: Smallest FDR q [21 blueRED_Fstat] = 0.334498 ==> few true single voxel detections
*+ WARNING: Smallest FDR q [26 whiteRED#0_Tstat] = 0.999888 ==> few true single voxel detections
*+ WARNING: Smallest FDR q [27 whiteRED_Fstat] = 0.999888 ==> few true single voxel detections
*+ WARNING: Smallest FDR q [32 purpleWHITE#0_Tstat] = 0.903978 ==> few true single voxel detections
*+ WARNING: Smallest FDR q [33 purpleWHITE_Fstat] = 0.903977 ==> few true single voxel detections
*+ WARNING: Smallest FDR q [35 redWHITE#0_Tstat] = 0.268922 ==> few true single voxel detections
*+ WARNING: Smallest FDR q [36 redWHITE_Fstat] = 0.268922 ==> few true single voxel detections
*+ WARNING: Smallest FDR q [38 blueBLUE#0_Tstat] = 0.334019 ==> few true single voxel detections
*+ WARNING: Smallest FDR q [39 blueBLUE_Fstat] = 0.334019 ==> few true single voxel detections
*+ WARNING: Smallest FDR q [41 purplePURPLE#0_Tstat] = 0.187167 ==> few true single voxel detections
*+ WARNING: Smallest FDR q [42 purplePURPLE_Fstat] = 0.187167 ==> few true single voxel detections
*+ WARNING: Smallest FDR q [44 redRED#0_Tstat] = 0.402822 ==> few true single voxel detections
*+ WARNING: Smallest FDR q [45 redRED_Fstat] = 0.402822 ==> few true single voxel detections
*+ WARNING: Smallest FDR q [47 whiteWHITE#0_Tstat] = 0.9999 ==> few true single voxel detections
*+ WARNING: Smallest FDR q [48 whiteWHITE_Fstat] = 0.9999 ==> few true single voxel detections
*+ WARNING: mri_fdrize: will not process only 0 values (min=20)
*+ WARNING: mri_fdrize: will not process only 0 values (min=20)
*+ WARNING: mri_fdrize: will not process only 0 values (min=20)
*+ WARNING: mri_fdrize: will not process only 0 values (min=20)
*+ WARNING: Smallest FDR q [68 transient#0_Tstat] = 0.276738 ==> few true single voxel detections
*+ WARNING: Smallest FDR q [70 transient#1_Tstat] = 0.127212 ==> few true single voxel detections
*+ WARNING: Smallest FDR q [72 transient#2_Tstat] = 0.999816 ==> few true single voxel detections
*+ WARNING: Smallest FDR q [74 transient#3_Tstat] = 0.792784 ==> few true single voxel detections
*+ WARNING: Smallest FDR q [78 transient#5_Tstat] = 0.326388 ==> few true single voxel detections
