*+ WARNING: !! in  matrix:
 * Largest singular value=1.91819
 * 1 singular value is less than cutoff=1.91819e-07
 * Implies strong collinearity in the matrix columns! 
*+ WARNING: -GOFORIT ==> Charging ahead into battle!
*+ WARNING: -----
*+ WARNING: QR decomposition of [R]^(-1/2) [X] had 1 collinearity problem
*+ WARNING: -----
*+ WARNING: QR decomposition of GLT setup 46x28 matrix had 1 collinearity problem
*+ WARNING: QR decomposition of GLT setup 46x28 matrix had 2 collinearity problems
*+ WARNING: QR decomposition of GLT setup 46x28 matrix had 3 collinearity problems
*+ WARNING: QR decomposition of GLT setup 46x28 matrix had 4 collinearity problems
*+ WARNING: QR decomposition of GLT setup 46x28 matrix had 5 collinearity problems
*+ WARNING: QR decomposition of GLT setup 46x28 matrix had 6 collinearity problems
*+ WARNING: Smallest FDR q [2 purpleBLUE#0_Tstat] = 0.298418 ==> few true single voxel detections
*+ WARNING: Smallest FDR q [3 purpleBLUE_Fstat] = 0.298419 ==> few true single voxel detections
*+ WARNING: Smallest FDR q [26 whiteRED#0_Tstat] = 0.75939 ==> few true single voxel detections
*+ WARNING: Smallest FDR q [27 whiteRED_Fstat] = 0.75939 ==> few true single voxel detections
*+ WARNING: Smallest FDR q [29 blueWHITE#0_Tstat] = 0.104133 ==> few true single voxel detections
*+ WARNING: Smallest FDR q [30 blueWHITE_Fstat] = 0.104133 ==> few true single voxel detections
*+ WARNING: Smallest FDR q [38 blueBLUE#0_Tstat] = 0.999899 ==> few true single voxel detections
*+ WARNING: Smallest FDR q [39 blueBLUE_Fstat] = 0.999899 ==> few true single voxel detections
*+ WARNING: Smallest FDR q [44 redRED#0_Tstat] = 0.20295 ==> few true single voxel detections
*+ WARNING: Smallest FDR q [45 redRED_Fstat] = 0.20295 ==> few true single voxel detections
*+ WARNING: mri_fdrize: will not process only 0 values (min=20)
*+ WARNING: mri_fdrize: will not process only 0 values (min=20)
*+ WARNING: mri_fdrize: will not process only 0 values (min=20)
*+ WARNING: mri_fdrize: will not process only 0 values (min=20)
*+ WARNING: Smallest FDR q [68 transient#0_Tstat] = 0.206114 ==> few true single voxel detections
*+ WARNING: Smallest FDR q [70 transient#1_Tstat] = 0.314371 ==> few true single voxel detections
*+ WARNING: Smallest FDR q [72 transient#2_Tstat] = 0.461556 ==> few true single voxel detections
*+ WARNING: Smallest FDR q [74 transient#3_Tstat] = 0.999871 ==> few true single voxel detections
*+ WARNING: Smallest FDR q [76 transient#4_Tstat] = 0.649724 ==> few true single voxel detections
*+ WARNING: Smallest FDR q [78 transient#5_Tstat] = 0.999851 ==> few true single voxel detections
*+ WARNING: Smallest FDR q [79 transient_Fstat] = 0.274066 ==> few true single voxel detections
