** ERROR: matrix column #9 is all zero!?
** ERROR: matrix column #10 is all zero!?
** ERROR: matrix column #14 is all zero!?
** ERROR: matrix column #15 is all zero!?
** ERROR: matrix column #19 is all zero!?
** ERROR: matrix column #20 is all zero!?
** ERROR: matrix column #24 is all zero!?
*+ WARNING: You said to GOFORIT, so here we GO!
*+ WARNING: !! in  matrix:
 * Largest singular value=1.9159
 * 7 singular values are less than cutoff=1.9159e-07
 * Implies strong collinearity in the matrix columns! 
*+ WARNING: -GOFORIT ==> Charging ahead into battle!
*+ WARNING: -----
*+ WARNING: QR decomposition of [R]^(-1/2) [X] had 7 collinearity problems
*+ WARNING: -----
*+ WARNING: GLT setup 38x1 matrix is all zero?
*+ WARNING: Zero-ed 921872 float errors in dataset ./stats_873968.nii.gz
*+ WARNING: Smallest FDR q [5 purpleBLUE#0_Tstat] = 0.798673 ==> few true single voxel detections
*+ WARNING: Smallest FDR q [6 purpleBLUE_Fstat] = 0.798674 ==> few true single voxel detections
*+ WARNING: mri_fdrize: will not process only 0 values (min=20)
*+ WARNING: mri_fdrize: will not process only 0 values (min=20)
*+ WARNING: mri_fdrize: will not process only 0 values (min=20)
*+ WARNING: mri_fdrize: will not process only 0 values (min=20)
*+ WARNING: mri_fdrize: will not process only 0 values (min=20)
*+ WARNING: mri_fdrize: will not process only 0 values (min=20)
*+ WARNING: mri_fdrize: will not process only 0 values (min=20)
*+ WARNING: mri_fdrize: will not process only 0 values (min=20)
*+ WARNING: mri_fdrize: will not process only 0 values (min=20)
*+ WARNING: mri_fdrize: will not process only 0 values (min=20)
*+ WARNING: mri_fdrize: will not process only 0 values (min=20)
*+ WARNING: mri_fdrize: will not process only 0 values (min=20)
*+ WARNING: mri_fdrize: will not process only 0 values (min=20)
*+ WARNING: mri_fdrize: will not process only 0 values (min=20)
*+ WARNING: Smallest FDR q [62 transient#0_Tstat] = 0.832855 ==> few true single voxel detections
*+ WARNING: Smallest FDR q [64 transient#1_Tstat] = 0.922883 ==> few true single voxel detections
*+ WARNING: Smallest FDR q [70 transient#4_Tstat] = 0.999885 ==> few true single voxel detections
*+ WARNING: Smallest FDR q [72 transient#5_Tstat] = 0.1602 ==> few true single voxel detections
