*+ WARNING: '-stim_times 4' didn't read any good times from file '/data/nil-external/ccp/freund/stroop-rsa/glms/DMCC2803654/input/bas/DMCC2803654_bas_whiteBLUE_acc-only_run1.txt'
*+ WARNING: '-stim_times 5' didn't read any good times from file '/data/nil-external/ccp/freund/stroop-rsa/glms/DMCC2803654/input/bas/DMCC2803654_bas_bluePURPLE_acc-only_run1.txt'
*+ WARNING: '-stim_times 9' didn't read any good times from file '/data/nil-external/ccp/freund/stroop-rsa/glms/DMCC2803654/input/bas/DMCC2803654_bas_blueRED_acc-only_run1.txt'
*+ WARNING: '-stim_times 10' didn't read any good times from file '/data/nil-external/ccp/freund/stroop-rsa/glms/DMCC2803654/input/bas/DMCC2803654_bas_purpleRED_acc-only_run1.txt'
*+ WARNING: '-stim_times 14' didn't read any good times from file '/data/nil-external/ccp/freund/stroop-rsa/glms/DMCC2803654/input/bas/DMCC2803654_bas_purpleWHITE_acc-only_run1.txt'
*+ WARNING: '-stim_times 15' didn't read any good times from file '/data/nil-external/ccp/freund/stroop-rsa/glms/DMCC2803654/input/bas/DMCC2803654_bas_redWHITE_acc-only_run1.txt'
*+ WARNING: -stim_times 4 has all times equal to '*' ?!?!
*+ WARNING: !! '-stim_times 4' file '/data/nil-external/ccp/freund/stroop-rsa/glms/DMCC2803654/input/bas/DMCC2803654_bas_whiteBLUE_acc-only_run1.txt' has no good stimulus time values
*+ WARNING: -stim_times 5 has all times equal to '*' ?!?!
*+ WARNING: !! '-stim_times 5' file '/data/nil-external/ccp/freund/stroop-rsa/glms/DMCC2803654/input/bas/DMCC2803654_bas_bluePURPLE_acc-only_run1.txt' has no good stimulus time values
*+ WARNING: -stim_times 9 has all times equal to '*' ?!?!
*+ WARNING: !! '-stim_times 9' file '/data/nil-external/ccp/freund/stroop-rsa/glms/DMCC2803654/input/bas/DMCC2803654_bas_blueRED_acc-only_run1.txt' has no good stimulus time values
*+ WARNING: -stim_times 10 has all times equal to '*' ?!?!
*+ WARNING: !! '-stim_times 10' file '/data/nil-external/ccp/freund/stroop-rsa/glms/DMCC2803654/input/bas/DMCC2803654_bas_purpleRED_acc-only_run1.txt' has no good stimulus time values
*+ WARNING: -stim_times 14 has all times equal to '*' ?!?!
*+ WARNING: !! '-stim_times 14' file '/data/nil-external/ccp/freund/stroop-rsa/glms/DMCC2803654/input/bas/DMCC2803654_bas_purpleWHITE_acc-only_run1.txt' has no good stimulus time values
*+ WARNING: -stim_times 15 has all times equal to '*' ?!?!
*+ WARNING: !! '-stim_times 15' file '/data/nil-external/ccp/freund/stroop-rsa/glms/DMCC2803654/input/bas/DMCC2803654_bas_redWHITE_acc-only_run1.txt' has no good stimulus time values
*+ WARNING: -------------------------------------------------
*+ WARNING: Problems with the X matrix columns, listed below:
*+ WARNING:    * Column 9 [whiteBLUE#0] is all zeros
*+ WARNING:    * Column 10 [bluePURPLE#0] is all zeros
*+ WARNING:    * Column 14 [blueRED#0] is all zeros
*+ WARNING:    * Column 15 [purpleRED#0] is all zeros
*+ WARNING:    * Column 19 [purpleWHITE#0] is all zeros
*+ WARNING:    * Column 20 [redWHITE#0] is all zeros
*+ WARNING: -------------------------------------------------
*+ WARNING: !! in Signal+Baseline matrix:
 * Largest singular value=1.91412
 * 6 singular values are less than cutoff=1.91412e-07
 * Implies strong collinearity in the matrix columns! 
*+ WARNING: !! in Signal-only matrix:
 * Largest singular value=1.61156
 * 6 singular values are less than cutoff=1.61156e-07
 * Implies strong collinearity in the matrix columns! 
