** ERROR: matrix column #30 is all zero!?
*+ WARNING: You said to GOFORIT, so here we GO!
*+ WARNING: !! in  matrix:
 * Largest singular value=1.92974
 * 1 singular value is less than cutoff=1.92974e-07
 * Implies strong collinearity in the matrix columns! 
*+ WARNING: -GOFORIT ==> Charging ahead into battle!
*+ WARNING: -----
*+ WARNING: QR decomposition of [R]^(-1/2) [X] had 1 collinearity problem
*+ WARNING: -----
*+ WARNING: GLT setup 45x1 matrix is all zero?
*+ WARNING: Zero-ed 128911 float errors in dataset ./stats_DMCC4260551.nii.gz
*+ WARNING: Smallest FDR q [14 redPURPLE#0_Tstat] = 0.205359 ==> few true single voxel detections
*+ WARNING: Smallest FDR q [15 redPURPLE_Fstat] = 0.205359 ==> few true single voxel detections
*+ WARNING: Smallest FDR q [20 blueRED#0_Tstat] = 0.111492 ==> few true single voxel detections
*+ WARNING: Smallest FDR q [21 blueRED_Fstat] = 0.111492 ==> few true single voxel detections
*+ WARNING: Smallest FDR q [35 redWHITE#0_Tstat] = 0.402184 ==> few true single voxel detections
*+ WARNING: Smallest FDR q [36 redWHITE_Fstat] = 0.402184 ==> few true single voxel detections
*+ WARNING: mri_fdrize: will not process only 0 values (min=20)
*+ WARNING: mri_fdrize: will not process only 0 values (min=20)
*+ WARNING: Smallest FDR q [65 transient#0_Tstat] = 0.137525 ==> few true single voxel detections
*+ WARNING: Smallest FDR q [69 transient#2_Tstat] = 0.999741 ==> few true single voxel detections
*+ WARNING: Smallest FDR q [71 transient#3_Tstat] = 0.999839 ==> few true single voxel detections
*+ WARNING: Smallest FDR q [73 transient#4_Tstat] = 0.999869 ==> few true single voxel detections
*+ WARNING: Smallest FDR q [75 transient#5_Tstat] = 0.328053 ==> few true single voxel detections
*+ WARNING: Smallest FDR q [76 transient_Fstat] = 0.162056 ==> few true single voxel detections
