** ERROR: matrix column #18 is all zero!?
** ERROR: matrix column #22 is all zero!?
*+ WARNING: You said to GOFORIT, so here we GO!
*+ WARNING: !! in  matrix:
 * Largest singular value=1.91267
 * 2 singular values are less than cutoff=1.91267e-07
 * Implies strong collinearity in the matrix columns! 
*+ WARNING: -GOFORIT ==> Charging ahead into battle!
*+ WARNING: -----
*+ WARNING: QR decomposition of [R]^(-1/2) [X] had 2 collinearity problems
*+ WARNING: -----
*+ WARNING: GLT setup 45x1 matrix is all zero?
*+ WARNING: Zero-ed 268656 float errors in dataset ./stats_197449.nii.gz
*+ WARNING: Smallest FDR q [2 purpleBLUE#0_Tstat] = 0.999875 ==> few true single voxel detections
*+ WARNING: Smallest FDR q [3 purpleBLUE_Fstat] = 0.999875 ==> few true single voxel detections
*+ WARNING: Smallest FDR q [5 redBLUE#0_Tstat] = 0.111574 ==> few true single voxel detections
*+ WARNING: Smallest FDR q [6 redBLUE_Fstat] = 0.111574 ==> few true single voxel detections
*+ WARNING: Smallest FDR q [14 redPURPLE#0_Tstat] = 0.99988 ==> few true single voxel detections
*+ WARNING: Smallest FDR q [15 redPURPLE_Fstat] = 0.99988 ==> few true single voxel detections
*+ WARNING: Smallest FDR q [17 whitePURPLE#0_Tstat] = 0.999823 ==> few true single voxel detections
*+ WARNING: Smallest FDR q [18 whitePURPLE_Fstat] = 0.999823 ==> few true single voxel detections
*+ WARNING: mri_fdrize: will not process only 0 values (min=20)
*+ WARNING: mri_fdrize: will not process only 0 values (min=20)
*+ WARNING: Smallest FDR q [26 whiteRED#0_Tstat] = 0.736316 ==> few true single voxel detections
*+ WARNING: Smallest FDR q [27 whiteRED_Fstat] = 0.736316 ==> few true single voxel detections
*+ WARNING: mri_fdrize: will not process only 0 values (min=20)
*+ WARNING: mri_fdrize: will not process only 0 values (min=20)
*+ WARNING: Smallest FDR q [35 redWHITE#0_Tstat] = 0.864019 ==> few true single voxel detections
*+ WARNING: Smallest FDR q [36 redWHITE_Fstat] = 0.864018 ==> few true single voxel detections
*+ WARNING: Smallest FDR q [38 blueBLUE#0_Tstat] = 0.999899 ==> few true single voxel detections
*+ WARNING: Smallest FDR q [39 blueBLUE_Fstat] = 0.999899 ==> few true single voxel detections
*+ WARNING: Smallest FDR q [41 purplePURPLE#0_Tstat] = 0.457288 ==> few true single voxel detections
*+ WARNING: Smallest FDR q [42 purplePURPLE_Fstat] = 0.457288 ==> few true single voxel detections
*+ WARNING: Smallest FDR q [65 transient#0_Tstat] = 0.999887 ==> few true single voxel detections
*+ WARNING: Smallest FDR q [67 transient#1_Tstat] = 0.643926 ==> few true single voxel detections
*+ WARNING: Smallest FDR q [69 transient#2_Tstat] = 0.999294 ==> few true single voxel detections
*+ WARNING: Smallest FDR q [71 transient#3_Tstat] = 0.905598 ==> few true single voxel detections
*+ WARNING: Smallest FDR q [73 transient#4_Tstat] = 0.998886 ==> few true single voxel detections
*+ WARNING: Smallest FDR q [75 transient#5_Tstat] = 0.999236 ==> few true single voxel detections
*+ WARNING: Smallest FDR q [76 transient_Fstat] = 0.999893 ==> few true single voxel detections
