** ERROR: matrix column #30 is all zero!?
*+ WARNING: You said to GOFORIT, so here we GO!
*+ WARNING: !! in  matrix:
 * Largest singular value=2.05512
 * 1 singular value is less than cutoff=2.05512e-07
 * Implies strong collinearity in the matrix columns! 
*+ WARNING: -GOFORIT ==> Charging ahead into battle!
*+ WARNING: -----
*+ WARNING: QR decomposition of [R]^(-1/2) [X] had 1 collinearity problem
*+ WARNING: -----
*+ WARNING: GLT setup 45x1 matrix is all zero?
*+ WARNING: Zero-ed 134179 float errors in dataset ./stats_393550.nii.gz
*+ WARNING: mri_fdrize: will not process only 0 values (min=20)
*+ WARNING: mri_fdrize: will not process only 0 values (min=20)
*+ WARNING: Smallest FDR q [67 transient#1_Tstat] = 0.254247 ==> few true single voxel detections
*+ WARNING: Smallest FDR q [69 transient#2_Tstat] = 0.999792 ==> few true single voxel detections
*+ WARNING: Smallest FDR q [71 transient#3_Tstat] = 0.387694 ==> few true single voxel detections
*+ WARNING: Smallest FDR q [73 transient#4_Tstat] = 0.998013 ==> few true single voxel detections
*+ WARNING: Smallest FDR q [75 transient#5_Tstat] = 0.99977 ==> few true single voxel detections
*+ WARNING: Smallest FDR q [76 transient_Fstat] = 0.125383 ==> few true single voxel detections
