*+ WARNING: !! in  matrix:
 * Largest singular value=2.54956
 * 1 singular value is less than cutoff=2.54956e-07
 * Implies strong collinearity in the matrix columns! 
*+ WARNING: -GOFORIT ==> Charging ahead into battle!
*+ WARNING: -----
*+ WARNING: QR decomposition of [R]^(-1/2) [X] had 1 collinearity problem
*+ WARNING: -----
*+ WARNING: QR decomposition of GLT setup 46x28 matrix had 1 collinearity problem
*+ WARNING: QR decomposition of GLT setup 46x28 matrix had 2 collinearity problems
*+ WARNING: QR decomposition of GLT setup 46x28 matrix had 3 collinearity problems
*+ WARNING: QR decomposition of GLT setup 46x28 matrix had 4 collinearity problems
*+ WARNING: QR decomposition of GLT setup 46x28 matrix had 5 collinearity problems
*+ WARNING: QR decomposition of GLT setup 46x28 matrix had 6 collinearity problems
*+ WARNING: Smallest FDR q [2 purpleBLUE#0_Tstat] = 0.15394 ==> few true single voxel detections
*+ WARNING: Smallest FDR q [3 purpleBLUE_Fstat] = 0.15394 ==> few true single voxel detections
*+ WARNING: Smallest FDR q [5 redBLUE#0_Tstat] = 0.99988 ==> few true single voxel detections
*+ WARNING: Smallest FDR q [6 redBLUE_Fstat] = 0.99988 ==> few true single voxel detections
*+ WARNING: Smallest FDR q [14 redPURPLE#0_Tstat] = 0.581434 ==> few true single voxel detections
*+ WARNING: Smallest FDR q [15 redPURPLE_Fstat] = 0.581434 ==> few true single voxel detections
*+ WARNING: Smallest FDR q [20 blueRED#0_Tstat] = 0.250804 ==> few true single voxel detections
*+ WARNING: Smallest FDR q [21 blueRED_Fstat] = 0.250804 ==> few true single voxel detections
*+ WARNING: Smallest FDR q [26 whiteRED#0_Tstat] = 0.233991 ==> few true single voxel detections
*+ WARNING: Smallest FDR q [27 whiteRED_Fstat] = 0.233991 ==> few true single voxel detections
*+ WARNING: Smallest FDR q [29 blueWHITE#0_Tstat] = 0.694246 ==> few true single voxel detections
*+ WARNING: Smallest FDR q [30 blueWHITE_Fstat] = 0.694246 ==> few true single voxel detections
*+ WARNING: Smallest FDR q [32 purpleWHITE#0_Tstat] = 0.124394 ==> few true single voxel detections
*+ WARNING: Smallest FDR q [33 purpleWHITE_Fstat] = 0.124393 ==> few true single voxel detections
*+ WARNING: Smallest FDR q [38 blueBLUE#0_Tstat] = 0.99988 ==> few true single voxel detections
*+ WARNING: Smallest FDR q [39 blueBLUE_Fstat] = 0.99988 ==> few true single voxel detections
*+ WARNING: Smallest FDR q [44 redRED#0_Tstat] = 0.102044 ==> few true single voxel detections
*+ WARNING: Smallest FDR q [45 redRED_Fstat] = 0.102044 ==> few true single voxel detections
*+ WARNING: Smallest FDR q [47 whiteWHITE#0_Tstat] = 0.21531 ==> few true single voxel detections
*+ WARNING: Smallest FDR q [48 whiteWHITE_Fstat] = 0.21531 ==> few true single voxel detections
*+ WARNING: Smallest FDR q [56 nuisance#0_Tstat] = 0.212848 ==> few true single voxel detections
*+ WARNING: Smallest FDR q [57 nuisance_Fstat] = 0.212848 ==> few true single voxel detections
*+ WARNING: mri_fdrize: will not process only 0 values (min=20)
*+ WARNING: mri_fdrize: will not process only 0 values (min=20)
*+ WARNING: mri_fdrize: will not process only 0 values (min=20)
*+ WARNING: mri_fdrize: will not process only 0 values (min=20)
*+ WARNING: Smallest FDR q [78 transient#5_Tstat] = 0.413142 ==> few true single voxel detections
