** ERROR: matrix column #7 is all zero!?
** ERROR: matrix column #8 is all zero!?
** ERROR: matrix column #12 is all zero!?
** ERROR: matrix column #13 is all zero!?
** ERROR: matrix column #14 is all zero!?
** ERROR: matrix column #17 is all zero!?
** ERROR: matrix column #18 is all zero!?
** ERROR: matrix column #19 is all zero!?
*+ WARNING: You said to GOFORIT, so here we GO!
*+ WARNING: !! in  matrix:
 * Largest singular value=2.20678
 * 8 singular values are less than cutoff=2.20678e-07
 * Implies strong collinearity in the matrix columns! 
*+ WARNING: -GOFORIT ==> Charging ahead into battle!
*+ WARNING: -----
*+ WARNING: QR decomposition of [R]^(-1/2) [X] had 8 collinearity problems
*+ WARNING: -----
*+ WARNING: GLT setup 38x1 matrix is all zero?
*+ WARNING: Zero-ed 1073312 float errors in dataset ./stats_197449.nii.gz
*+ WARNING: Smallest FDR q [2 blueBLUE#0_Tstat] = 0.945632 ==> few true single voxel detections
*+ WARNING: Smallest FDR q [3 blueBLUE_Fstat] = 0.945632 ==> few true single voxel detections
*+ WARNING: mri_fdrize: will not process only 0 values (min=20)
*+ WARNING: mri_fdrize: will not process only 0 values (min=20)
*+ WARNING: mri_fdrize: will not process only 0 values (min=20)
*+ WARNING: mri_fdrize: will not process only 0 values (min=20)
*+ WARNING: Smallest FDR q [11 whiteBLUE#0_Tstat] = 0.514863 ==> few true single voxel detections
*+ WARNING: Smallest FDR q [12 whiteBLUE_Fstat] = 0.514863 ==> few true single voxel detections
*+ WARNING: Smallest FDR q [14 bluePURPLE#0_Tstat] = 0.895786 ==> few true single voxel detections
*+ WARNING: Smallest FDR q [15 bluePURPLE_Fstat] = 0.895786 ==> few true single voxel detections
*+ WARNING: mri_fdrize: will not process only 0 values (min=20)
*+ WARNING: mri_fdrize: will not process only 0 values (min=20)
*+ WARNING: mri_fdrize: will not process only 0 values (min=20)
*+ WARNING: mri_fdrize: will not process only 0 values (min=20)
*+ WARNING: mri_fdrize: will not process only 0 values (min=20)
*+ WARNING: mri_fdrize: will not process only 0 values (min=20)
*+ WARNING: Smallest FDR q [29 purpleRED#0_Tstat] = 0.776968 ==> few true single voxel detections
*+ WARNING: Smallest FDR q [30 purpleRED_Fstat] = 0.776968 ==> few true single voxel detections
*+ WARNING: mri_fdrize: will not process only 0 values (min=20)
*+ WARNING: mri_fdrize: will not process only 0 values (min=20)
*+ WARNING: mri_fdrize: will not process only 0 values (min=20)
*+ WARNING: mri_fdrize: will not process only 0 values (min=20)
*+ WARNING: mri_fdrize: will not process only 0 values (min=20)
*+ WARNING: mri_fdrize: will not process only 0 values (min=20)
*+ WARNING: Smallest FDR q [44 redWHITE#0_Tstat] = 0.999875 ==> few true single voxel detections
*+ WARNING: Smallest FDR q [45 redWHITE_Fstat] = 0.999875 ==> few true single voxel detections
*+ WARNING: Smallest FDR q [62 transient#0_Tstat] = 0.999873 ==> few true single voxel detections
*+ WARNING: Smallest FDR q [64 transient#1_Tstat] = 0.999897 ==> few true single voxel detections
*+ WARNING: Smallest FDR q [66 transient#2_Tstat] = 0.999865 ==> few true single voxel detections
*+ WARNING: Smallest FDR q [68 transient#3_Tstat] = 0.999892 ==> few true single voxel detections
*+ WARNING: Smallest FDR q [70 transient#4_Tstat] = 0.84754 ==> few true single voxel detections
*+ WARNING: Smallest FDR q [72 transient#5_Tstat] = 0.99977 ==> few true single voxel detections
*+ WARNING: Smallest FDR q [73 transient_Fstat] = 0.999898 ==> few true single voxel detections
