** ERROR: matrix column #30 is all zero!?
*+ WARNING: You said to GOFORIT, so here we GO!
*+ WARNING: !! in  matrix:
 * Largest singular value=1.94181
 * 1 singular value is less than cutoff=1.94181e-07
 * Implies strong collinearity in the matrix columns! 
*+ WARNING: -GOFORIT ==> Charging ahead into battle!
*+ WARNING: -----
*+ WARNING: QR decomposition of [R]^(-1/2) [X] had 1 collinearity problem
*+ WARNING: -----
*+ WARNING: GLT setup 44x1 matrix is all zero?
*+ WARNING: Zero-ed 128911 float errors in dataset ./stats_DMCC4260551.nii.gz
*+ WARNING: Smallest FDR q [20 redPURPLE#0_Tstat] = 0.283492 ==> few true single voxel detections
*+ WARNING: Smallest FDR q [21 redPURPLE_Fstat] = 0.283492 ==> few true single voxel detections
*+ WARNING: Smallest FDR q [26 blueRED#0_Tstat] = 0.110094 ==> few true single voxel detections
*+ WARNING: Smallest FDR q [27 blueRED_Fstat] = 0.110094 ==> few true single voxel detections
*+ WARNING: Smallest FDR q [44 redWHITE#0_Tstat] = 0.278959 ==> few true single voxel detections
*+ WARNING: Smallest FDR q [45 redWHITE_Fstat] = 0.278959 ==> few true single voxel detections
*+ WARNING: mri_fdrize: will not process only 0 values (min=20)
*+ WARNING: mri_fdrize: will not process only 0 values (min=20)
*+ WARNING: Smallest FDR q [62 transient#0_Tstat] = 0.139949 ==> few true single voxel detections
*+ WARNING: Smallest FDR q [66 transient#2_Tstat] = 0.999861 ==> few true single voxel detections
*+ WARNING: Smallest FDR q [68 transient#3_Tstat] = 0.999881 ==> few true single voxel detections
*+ WARNING: Smallest FDR q [70 transient#4_Tstat] = 0.99989 ==> few true single voxel detections
*+ WARNING: Smallest FDR q [72 transient#5_Tstat] = 0.392344 ==> few true single voxel detections
*+ WARNING: Smallest FDR q [73 transient_Fstat] = 0.176071 ==> few true single voxel detections
