** ERROR: matrix column #30 is all zero!?
*+ WARNING: You said to GOFORIT, so here we GO!
*+ WARNING: !! in  matrix:
 * Largest singular value=1.93382
 * 1 singular value is less than cutoff=1.93382e-07
 * Implies strong collinearity in the matrix columns! 
*+ WARNING: -GOFORIT ==> Charging ahead into battle!
*+ WARNING: -----
*+ WARNING: QR decomposition of [R]^(-1/2) [X] had 1 collinearity problem
*+ WARNING: -----
*+ WARNING: GLT setup 44x1 matrix is all zero?
*+ WARNING: Zero-ed 131696 float errors in dataset ./stats_873968.nii.gz
*+ WARNING: Smallest FDR q [5 purpleBLUE#0_Tstat] = 0.609573 ==> few true single voxel detections
*+ WARNING: Smallest FDR q [6 purpleBLUE_Fstat] = 0.609574 ==> few true single voxel detections
*+ WARNING: Smallest FDR q [8 redBLUE#0_Tstat] = 0.634284 ==> few true single voxel detections
*+ WARNING: Smallest FDR q [9 redBLUE_Fstat] = 0.634285 ==> few true single voxel detections
*+ WARNING: Smallest FDR q [38 blueWHITE#0_Tstat] = 0.247813 ==> few true single voxel detections
*+ WARNING: Smallest FDR q [39 blueWHITE_Fstat] = 0.247813 ==> few true single voxel detections
*+ WARNING: mri_fdrize: will not process only 0 values (min=20)
*+ WARNING: mri_fdrize: will not process only 0 values (min=20)
*+ WARNING: Smallest FDR q [62 transient#0_Tstat] = 0.999853 ==> few true single voxel detections
*+ WARNING: Smallest FDR q [68 transient#3_Tstat] = 0.356152 ==> few true single voxel detections
*+ WARNING: Smallest FDR q [70 transient#4_Tstat] = 0.555728 ==> few true single voxel detections
*+ WARNING: Smallest FDR q [72 transient#5_Tstat] = 0.999861 ==> few true single voxel detections
