*+ WARNING: !! in  matrix:
 * Largest singular value=1.96219
 * 1 singular value is less than cutoff=1.96219e-07
 * Implies strong collinearity in the matrix columns! 
*+ WARNING: -GOFORIT ==> Charging ahead into battle!
*+ WARNING: -----
*+ WARNING: QR decomposition of [R]^(-1/2) [X] had 1 collinearity problem
*+ WARNING: -----
*+ WARNING: QR decomposition of GLT setup 46x28 matrix had 1 collinearity problem
*+ WARNING: QR decomposition of GLT setup 46x28 matrix had 2 collinearity problems
*+ WARNING: QR decomposition of GLT setup 46x28 matrix had 3 collinearity problems
*+ WARNING: QR decomposition of GLT setup 46x28 matrix had 4 collinearity problems
*+ WARNING: QR decomposition of GLT setup 46x28 matrix had 5 collinearity problems
*+ WARNING: QR decomposition of GLT setup 46x28 matrix had 6 collinearity problems
*+ WARNING: Smallest FDR q [8 whiteBLUE#0_Tstat] = 0.127779 ==> few true single voxel detections
*+ WARNING: Smallest FDR q [9 whiteBLUE_Fstat] = 0.127779 ==> few true single voxel detections
*+ WARNING: Smallest FDR q [14 redPURPLE#0_Tstat] = 0.43429 ==> few true single voxel detections
*+ WARNING: Smallest FDR q [15 redPURPLE_Fstat] = 0.434291 ==> few true single voxel detections
*+ WARNING: Smallest FDR q [17 whitePURPLE#0_Tstat] = 0.743011 ==> few true single voxel detections
*+ WARNING: Smallest FDR q [18 whitePURPLE_Fstat] = 0.743011 ==> few true single voxel detections
*+ WARNING: Smallest FDR q [20 blueRED#0_Tstat] = 0.999871 ==> few true single voxel detections
*+ WARNING: Smallest FDR q [21 blueRED_Fstat] = 0.999871 ==> few true single voxel detections
*+ WARNING: Smallest FDR q [29 blueWHITE#0_Tstat] = 0.308215 ==> few true single voxel detections
*+ WARNING: Smallest FDR q [30 blueWHITE_Fstat] = 0.308215 ==> few true single voxel detections
*+ WARNING: Smallest FDR q [32 purpleWHITE#0_Tstat] = 0.943213 ==> few true single voxel detections
*+ WARNING: Smallest FDR q [33 purpleWHITE_Fstat] = 0.943214 ==> few true single voxel detections
*+ WARNING: Smallest FDR q [41 purplePURPLE#0_Tstat] = 0.278026 ==> few true single voxel detections
*+ WARNING: Smallest FDR q [42 purplePURPLE_Fstat] = 0.278026 ==> few true single voxel detections
*+ WARNING: mri_fdrize: will not process only 0 values (min=20)
*+ WARNING: mri_fdrize: will not process only 0 values (min=20)
*+ WARNING: mri_fdrize: will not process only 0 values (min=20)
*+ WARNING: mri_fdrize: will not process only 0 values (min=20)
*+ WARNING: Smallest FDR q [70 transient#1_Tstat] = 0.365246 ==> few true single voxel detections
*+ WARNING: Smallest FDR q [74 transient#3_Tstat] = 0.100624 ==> few true single voxel detections
*+ WARNING: Smallest FDR q [76 transient#4_Tstat] = 0.27275 ==> few true single voxel detections
*+ WARNING: Smallest FDR q [78 transient#5_Tstat] = 0.166371 ==> few true single voxel detections
