** ERROR: matrix column #30 is all zero!?
*+ WARNING: You said to GOFORIT, so here we GO!
*+ WARNING: !! in  matrix:
 * Largest singular value=2.02484
 * 2 singular values are less than cutoff=2.02484e-07
 * Implies strong collinearity in the matrix columns! 
*+ WARNING: -GOFORIT ==> Charging ahead into battle!
*+ WARNING: -----
*+ WARNING: QR decomposition of [R]^(-1/2) [X] had 2 collinearity problems
*+ WARNING: -----
*+ WARNING: QR decomposition of GLT setup 46x27 matrix had 1 collinearity problem
*+ WARNING: QR decomposition of GLT setup 46x27 matrix had 2 collinearity problems
*+ WARNING: QR decomposition of GLT setup 46x27 matrix had 4 collinearity problems
*+ WARNING: GLT setup 46x1 matrix is all zero?
*+ WARNING: Zero-ed 133239 float errors in dataset ./stats_132017.nii.gz
*+ WARNING: Smallest FDR q [14 redPURPLE#0_Tstat] = 0.999866 ==> few true single voxel detections
*+ WARNING: Smallest FDR q [15 redPURPLE_Fstat] = 0.999866 ==> few true single voxel detections
*+ WARNING: Smallest FDR q [17 whitePURPLE#0_Tstat] = 0.509072 ==> few true single voxel detections
*+ WARNING: Smallest FDR q [18 whitePURPLE_Fstat] = 0.509072 ==> few true single voxel detections
*+ WARNING: Smallest FDR q [20 blueRED#0_Tstat] = 0.999898 ==> few true single voxel detections
*+ WARNING: Smallest FDR q [21 blueRED_Fstat] = 0.999898 ==> few true single voxel detections
*+ WARNING: Smallest FDR q [26 whiteRED#0_Tstat] = 0.999884 ==> few true single voxel detections
*+ WARNING: Smallest FDR q [27 whiteRED_Fstat] = 0.999884 ==> few true single voxel detections
*+ WARNING: Smallest FDR q [29 blueWHITE#0_Tstat] = 0.999895 ==> few true single voxel detections
*+ WARNING: Smallest FDR q [30 blueWHITE_Fstat] = 0.999895 ==> few true single voxel detections
*+ WARNING: Smallest FDR q [32 purpleWHITE#0_Tstat] = 0.999891 ==> few true single voxel detections
*+ WARNING: Smallest FDR q [33 purpleWHITE_Fstat] = 0.999891 ==> few true single voxel detections
*+ WARNING: Smallest FDR q [41 purplePURPLE#0_Tstat] = 0.999898 ==> few true single voxel detections
*+ WARNING: Smallest FDR q [42 purplePURPLE_Fstat] = 0.999898 ==> few true single voxel detections
*+ WARNING: Smallest FDR q [44 redRED#0_Tstat] = 0.45971 ==> few true single voxel detections
*+ WARNING: Smallest FDR q [45 redRED_Fstat] = 0.45971 ==> few true single voxel detections
*+ WARNING: Smallest FDR q [50 pc50_i#0_Tstat] = 0.9999 ==> few true single voxel detections
*+ WARNING: Smallest FDR q [51 pc50_i_Fstat] = 0.9999 ==> few true single voxel detections
*+ WARNING: Smallest FDR q [53 pc50_c#0_Tstat] = 0.541667 ==> few true single voxel detections
*+ WARNING: Smallest FDR q [54 pc50_c_Fstat] = 0.541667 ==> few true single voxel detections
*+ WARNING: mri_fdrize: will not process only 0 values (min=20)
*+ WARNING: mri_fdrize: will not process only 0 values (min=20)
*+ WARNING: mri_fdrize: will not process only 0 values (min=20)
*+ WARNING: mri_fdrize: will not process only 0 values (min=20)
*+ WARNING: mri_fdrize: will not process only 0 values (min=20)
*+ WARNING: mri_fdrize: will not process only 0 values (min=20)
*+ WARNING: Smallest FDR q [74 transient#3_Tstat] = 0.251201 ==> few true single voxel detections
*+ WARNING: Smallest FDR q [76 transient#4_Tstat] = 0.999859 ==> few true single voxel detections
