*+ WARNING: !! in  matrix:
 * Largest singular value=2.23129
 * 1 singular value is less than cutoff=2.23129e-07
 * Implies strong collinearity in the matrix columns! 
*+ WARNING: -GOFORIT ==> Charging ahead into battle!
*+ WARNING: -----
*+ WARNING: QR decomposition of [R]^(-1/2) [X] had 1 collinearity problem
*+ WARNING: -----
*+ WARNING: QR decomposition of GLT setup 46x28 matrix had 1 collinearity problem
*+ WARNING: Smallest FDR q [2 purpleBLUE#0_Tstat] = 0.999898 ==> few true single voxel detections
*+ WARNING: Smallest FDR q [3 purpleBLUE_Fstat] = 0.999898 ==> few true single voxel detections
*+ WARNING: Smallest FDR q [14 redPURPLE#0_Tstat] = 0.248637 ==> few true single voxel detections
*+ WARNING: Smallest FDR q [15 redPURPLE_Fstat] = 0.248637 ==> few true single voxel detections
*+ WARNING: Smallest FDR q [23 purpleRED#0_Tstat] = 0.999891 ==> few true single voxel detections
*+ WARNING: Smallest FDR q [24 purpleRED_Fstat] = 0.999891 ==> few true single voxel detections
*+ WARNING: Smallest FDR q [26 whiteRED#0_Tstat] = 0.99989 ==> few true single voxel detections
*+ WARNING: Smallest FDR q [27 whiteRED_Fstat] = 0.99989 ==> few true single voxel detections
*+ WARNING: Smallest FDR q [35 redWHITE#0_Tstat] = 0.480487 ==> few true single voxel detections
*+ WARNING: Smallest FDR q [36 redWHITE_Fstat] = 0.480487 ==> few true single voxel detections
*+ WARNING: Smallest FDR q [38 blueBLUE#0_Tstat] = 0.130229 ==> few true single voxel detections
*+ WARNING: Smallest FDR q [39 blueBLUE_Fstat] = 0.130229 ==> few true single voxel detections
*+ WARNING: Smallest FDR q [41 purplePURPLE#0_Tstat] = 0.999887 ==> few true single voxel detections
*+ WARNING: Smallest FDR q [42 purplePURPLE_Fstat] = 0.999887 ==> few true single voxel detections
*+ WARNING: Smallest FDR q [47 whiteWHITE#0_Tstat] = 0.999897 ==> few true single voxel detections
*+ WARNING: Smallest FDR q [48 whiteWHITE_Fstat] = 0.999897 ==> few true single voxel detections
*+ WARNING: Smallest FDR q [53 pc50_c#0_Tstat] = 0.289133 ==> few true single voxel detections
*+ WARNING: Smallest FDR q [54 pc50_c_Fstat] = 0.289133 ==> few true single voxel detections
*+ WARNING: Smallest FDR q [56 nuisance#0_Tstat] = 0.743044 ==> few true single voxel detections
*+ WARNING: Smallest FDR q [57 nuisance_Fstat] = 0.743045 ==> few true single voxel detections
*+ WARNING: mri_fdrize: will not process only 0 values (min=20)
*+ WARNING: mri_fdrize: will not process only 0 values (min=20)
*+ WARNING: mri_fdrize: will not process only 0 values (min=20)
*+ WARNING: mri_fdrize: will not process only 0 values (min=20)
