** ERROR: matrix column #7 is all zero!?
** ERROR: matrix column #8 is all zero!?
** ERROR: matrix column #12 is all zero!?
** ERROR: matrix column #13 is all zero!?
** ERROR: matrix column #17 is all zero!?
** ERROR: matrix column #18 is all zero!?
*+ WARNING: You said to GOFORIT, so here we GO!
*+ WARNING: !! in  matrix:
 * Largest singular value=1.91462
 * 6 singular values are less than cutoff=1.91462e-07
 * Implies strong collinearity in the matrix columns! 
*+ WARNING: -GOFORIT ==> Charging ahead into battle!
*+ WARNING: -----
*+ WARNING: QR decomposition of [R]^(-1/2) [X] had 6 collinearity problems
*+ WARNING: -----
*+ WARNING: GLT setup 38x1 matrix is all zero?
*+ WARNING: Zero-ed 782238 float errors in dataset ./stats_DMCC6661074.nii.gz
*+ WARNING: mri_fdrize: will not process only 0 values (min=20)
*+ WARNING: mri_fdrize: will not process only 0 values (min=20)
*+ WARNING: mri_fdrize: will not process only 0 values (min=20)
*+ WARNING: mri_fdrize: will not process only 0 values (min=20)
*+ WARNING: mri_fdrize: will not process only 0 values (min=20)
*+ WARNING: mri_fdrize: will not process only 0 values (min=20)
*+ WARNING: mri_fdrize: will not process only 0 values (min=20)
*+ WARNING: mri_fdrize: will not process only 0 values (min=20)
*+ WARNING: mri_fdrize: will not process only 0 values (min=20)
*+ WARNING: mri_fdrize: will not process only 0 values (min=20)
*+ WARNING: mri_fdrize: will not process only 0 values (min=20)
*+ WARNING: mri_fdrize: will not process only 0 values (min=20)
*+ WARNING: Smallest FDR q [56 nuisance#0_Tstat] = 0.999896 ==> few true single voxel detections
*+ WARNING: Smallest FDR q [57 nuisance_Fstat] = 0.999896 ==> few true single voxel detections
*+ WARNING: Smallest FDR q [62 transient#0_Tstat] = 0.1658 ==> few true single voxel detections
