*+ WARNING: !! in  matrix:
 * Largest singular value=2.02933
 * 1 singular value is less than cutoff=2.02933e-07
 * Implies strong collinearity in the matrix columns! 
*+ WARNING: -GOFORIT ==> Charging ahead into battle!
*+ WARNING: -----
*+ WARNING: QR decomposition of [R]^(-1/2) [X] had 1 collinearity problem
*+ WARNING: -----
*+ WARNING: QR decomposition of GLT setup 46x28 matrix had 1 collinearity problem
*+ WARNING: Smallest FDR q [2 purpleBLUE#0_Tstat] = 0.161171 ==> few true single voxel detections
*+ WARNING: Smallest FDR q [3 purpleBLUE_Fstat] = 0.161171 ==> few true single voxel detections
*+ WARNING: Smallest FDR q [5 redBLUE#0_Tstat] = 0.189734 ==> few true single voxel detections
*+ WARNING: Smallest FDR q [6 redBLUE_Fstat] = 0.189734 ==> few true single voxel detections
*+ WARNING: Smallest FDR q [11 bluePURPLE#0_Tstat] = 0.425401 ==> few true single voxel detections
*+ WARNING: Smallest FDR q [12 bluePURPLE_Fstat] = 0.425401 ==> few true single voxel detections
*+ WARNING: Smallest FDR q [14 redPURPLE#0_Tstat] = 0.162139 ==> few true single voxel detections
*+ WARNING: Smallest FDR q [15 redPURPLE_Fstat] = 0.162139 ==> few true single voxel detections
*+ WARNING: Smallest FDR q [20 blueRED#0_Tstat] = 0.408912 ==> few true single voxel detections
*+ WARNING: Smallest FDR q [21 blueRED_Fstat] = 0.408911 ==> few true single voxel detections
*+ WARNING: Smallest FDR q [23 purpleRED#0_Tstat] = 0.999871 ==> few true single voxel detections
*+ WARNING: Smallest FDR q [24 purpleRED_Fstat] = 0.999871 ==> few true single voxel detections
*+ WARNING: Smallest FDR q [26 whiteRED#0_Tstat] = 0.218704 ==> few true single voxel detections
*+ WARNING: Smallest FDR q [27 whiteRED_Fstat] = 0.218704 ==> few true single voxel detections
*+ WARNING: Smallest FDR q [38 blueBLUE#0_Tstat] = 0.319114 ==> few true single voxel detections
*+ WARNING: Smallest FDR q [39 blueBLUE_Fstat] = 0.319113 ==> few true single voxel detections
*+ WARNING: Smallest FDR q [47 whiteWHITE#0_Tstat] = 0.177598 ==> few true single voxel detections
*+ WARNING: Smallest FDR q [48 whiteWHITE_Fstat] = 0.177598 ==> few true single voxel detections
*+ WARNING: Smallest FDR q [50 pc50_i#0_Tstat] = 0.394628 ==> few true single voxel detections
*+ WARNING: Smallest FDR q [51 pc50_i_Fstat] = 0.394628 ==> few true single voxel detections
*+ WARNING: mri_fdrize: will not process only 0 values (min=20)
*+ WARNING: mri_fdrize: will not process only 0 values (min=20)
*+ WARNING: mri_fdrize: will not process only 0 values (min=20)
*+ WARNING: mri_fdrize: will not process only 0 values (min=20)
*+ WARNING: Smallest FDR q [68 transient#0_Tstat] = 0.174491 ==> few true single voxel detections
*+ WARNING: Smallest FDR q [72 transient#2_Tstat] = 0.455543 ==> few true single voxel detections
*+ WARNING: Smallest FDR q [78 transient#5_Tstat] = 0.999725 ==> few true single voxel detections
