*+ WARNING: !! in  matrix:
 * Largest singular value=1.94337
 * 1 singular value is less than cutoff=1.94337e-07
 * Implies strong collinearity in the matrix columns! 
*+ WARNING: -GOFORIT ==> Charging ahead into battle!
*+ WARNING: -----
*+ WARNING: QR decomposition of [R]^(-1/2) [X] had 1 collinearity problem
*+ WARNING: -----
*+ WARNING: QR decomposition of GLT setup 46x28 matrix had 1 collinearity problem
*+ WARNING: QR decomposition of GLT setup 46x28 matrix had 2 collinearity problems
*+ WARNING: QR decomposition of GLT setup 46x28 matrix had 4 collinearity problems
*+ WARNING: QR decomposition of GLT setup 46x28 matrix had 5 collinearity problems
*+ WARNING: Smallest FDR q [8 whiteBLUE#0_Tstat] = 0.129142 ==> few true single voxel detections
*+ WARNING: Smallest FDR q [9 whiteBLUE_Fstat] = 0.129142 ==> few true single voxel detections
*+ WARNING: Smallest FDR q [20 blueRED#0_Tstat] = 0.506499 ==> few true single voxel detections
*+ WARNING: Smallest FDR q [21 blueRED_Fstat] = 0.506499 ==> few true single voxel detections
*+ WARNING: Smallest FDR q [23 purpleRED#0_Tstat] = 0.633693 ==> few true single voxel detections
*+ WARNING: Smallest FDR q [24 purpleRED_Fstat] = 0.633693 ==> few true single voxel detections
*+ WARNING: Smallest FDR q [26 whiteRED#0_Tstat] = 0.999897 ==> few true single voxel detections
*+ WARNING: Smallest FDR q [27 whiteRED_Fstat] = 0.999897 ==> few true single voxel detections
*+ WARNING: Smallest FDR q [41 purplePURPLE#0_Tstat] = 0.999878 ==> few true single voxel detections
*+ WARNING: Smallest FDR q [42 purplePURPLE_Fstat] = 0.999878 ==> few true single voxel detections
*+ WARNING: Smallest FDR q [56 nuisance#0_Tstat] = 0.471157 ==> few true single voxel detections
*+ WARNING: Smallest FDR q [57 nuisance_Fstat] = 0.471158 ==> few true single voxel detections
*+ WARNING: mri_fdrize: will not process only 0 values (min=20)
*+ WARNING: mri_fdrize: will not process only 0 values (min=20)
*+ WARNING: mri_fdrize: will not process only 0 values (min=20)
*+ WARNING: mri_fdrize: will not process only 0 values (min=20)
