*+ WARNING: Smallest FDR q [14 redPURPLE#0_Tstat] = 0.335727 ==> few true single voxel detections
*+ WARNING: Smallest FDR q [15 redPURPLE_Fstat] = 0.335727 ==> few true single voxel detections
*+ WARNING: Smallest FDR q [17 whitePURPLE#0_Tstat] = 0.364555 ==> few true single voxel detections
*+ WARNING: Smallest FDR q [18 whitePURPLE_Fstat] = 0.364555 ==> few true single voxel detections
*+ WARNING: Smallest FDR q [20 blueRED#0_Tstat] = 0.999893 ==> few true single voxel detections
*+ WARNING: Smallest FDR q [21 blueRED_Fstat] = 0.999893 ==> few true single voxel detections
*+ WARNING: Smallest FDR q [29 blueWHITE#0_Tstat] = 0.233314 ==> few true single voxel detections
*+ WARNING: Smallest FDR q [30 blueWHITE_Fstat] = 0.233314 ==> few true single voxel detections
*+ WARNING: Smallest FDR q [32 purpleWHITE#0_Tstat] = 0.194282 ==> few true single voxel detections
*+ WARNING: Smallest FDR q [33 purpleWHITE_Fstat] = 0.194281 ==> few true single voxel detections
*+ WARNING: Smallest FDR q [35 redWHITE#0_Tstat] = 0.162253 ==> few true single voxel detections
*+ WARNING: Smallest FDR q [36 redWHITE_Fstat] = 0.162253 ==> few true single voxel detections
*+ WARNING: Smallest FDR q [44 redRED#0_Tstat] = 0.156431 ==> few true single voxel detections
*+ WARNING: Smallest FDR q [45 redRED_Fstat] = 0.156431 ==> few true single voxel detections
*+ WARNING: Smallest FDR q [65 transient#0_Tstat] = 0.999779 ==> few true single voxel detections
*+ WARNING: Smallest FDR q [67 transient#1_Tstat] = 0.99842 ==> few true single voxel detections
*+ WARNING: Smallest FDR q [69 transient#2_Tstat] = 0.960473 ==> few true single voxel detections
*+ WARNING: Smallest FDR q [71 transient#3_Tstat] = 0.344305 ==> few true single voxel detections
*+ WARNING: Smallest FDR q [73 transient#4_Tstat] = 0.769569 ==> few true single voxel detections
*+ WARNING: Smallest FDR q [75 transient#5_Tstat] = 0.954388 ==> few true single voxel detections
*+ WARNING: Smallest FDR q [76 transient_Fstat] = 0.828753 ==> few true single voxel detections
