** ERROR: matrix column #30 is all zero!?
*+ WARNING: You said to GOFORIT, so here we GO!
*+ WARNING: !! in  matrix:
 * Largest singular value=1.96804
 * 1 singular value is less than cutoff=1.96804e-07
 * Implies strong collinearity in the matrix columns! 
*+ WARNING: -GOFORIT ==> Charging ahead into battle!
*+ WARNING: -----
*+ WARNING: QR decomposition of [R]^(-1/2) [X] had 1 collinearity problem
*+ WARNING: -----
*+ WARNING: GLT setup 45x1 matrix is all zero?
*+ WARNING: Zero-ed 131081 float errors in dataset ./stats_DMCC4854075.nii.gz
*+ WARNING: Smallest FDR q [29 blueWHITE#0_Tstat] = 0.156923 ==> few true single voxel detections
*+ WARNING: Smallest FDR q [30 blueWHITE_Fstat] = 0.156923 ==> few true single voxel detections
*+ WARNING: Smallest FDR q [38 blueBLUE#0_Tstat] = 0.556156 ==> few true single voxel detections
*+ WARNING: Smallest FDR q [39 blueBLUE_Fstat] = 0.556157 ==> few true single voxel detections
*+ WARNING: mri_fdrize: will not process only 0 values (min=20)
*+ WARNING: mri_fdrize: will not process only 0 values (min=20)
*+ WARNING: Smallest FDR q [67 transient#1_Tstat] = 0.174763 ==> few true single voxel detections
*+ WARNING: Smallest FDR q [69 transient#2_Tstat] = 0.275421 ==> few true single voxel detections
*+ WARNING: Smallest FDR q [71 transient#3_Tstat] = 0.39679 ==> few true single voxel detections
*+ WARNING: Smallest FDR q [73 transient#4_Tstat] = 0.351861 ==> few true single voxel detections
*+ WARNING: Smallest FDR q [75 transient#5_Tstat] = 0.231286 ==> few true single voxel detections
*+ WARNING: Smallest FDR q [76 transient_Fstat] = 0.12821 ==> few true single voxel detections
