** ERROR: matrix column #7 is all zero!?
** ERROR: matrix column #8 is all zero!?
** ERROR: matrix column #12 is all zero!?
** ERROR: matrix column #13 is all zero!?
** ERROR: matrix column #17 is all zero!?
** ERROR: matrix column #18 is all zero!?
** ERROR: matrix column #24 is all zero!?
*+ WARNING: You said to GOFORIT, so here we GO!
*+ WARNING: !! in  matrix:
 * Largest singular value=2.21844
 * 7 singular values are less than cutoff=2.21844e-07
 * Implies strong collinearity in the matrix columns! 
*+ WARNING: -GOFORIT ==> Charging ahead into battle!
*+ WARNING: -----
*+ WARNING: QR decomposition of [R]^(-1/2) [X] had 7 collinearity problems
*+ WARNING: -----
*+ WARNING: GLT setup 38x1 matrix is all zero?
*+ WARNING: Zero-ed 920563 float errors in dataset ./stats_141422.nii.gz
*+ WARNING: mri_fdrize: will not process only 0 values (min=20)
*+ WARNING: mri_fdrize: will not process only 0 values (min=20)
*+ WARNING: mri_fdrize: will not process only 0 values (min=20)
*+ WARNING: mri_fdrize: will not process only 0 values (min=20)
*+ WARNING: mri_fdrize: will not process only 0 values (min=20)
*+ WARNING: mri_fdrize: will not process only 0 values (min=20)
*+ WARNING: mri_fdrize: will not process only 0 values (min=20)
*+ WARNING: mri_fdrize: will not process only 0 values (min=20)
*+ WARNING: mri_fdrize: will not process only 0 values (min=20)
*+ WARNING: mri_fdrize: will not process only 0 values (min=20)
*+ WARNING: mri_fdrize: will not process only 0 values (min=20)
*+ WARNING: mri_fdrize: will not process only 0 values (min=20)
*+ WARNING: mri_fdrize: will not process only 0 values (min=20)
*+ WARNING: mri_fdrize: will not process only 0 values (min=20)
*+ WARNING: Smallest FDR q [68 transient#3_Tstat] = 0.237652 ==> few true single voxel detections
*+ WARNING: Smallest FDR q [72 transient#5_Tstat] = 0.688824 ==> few true single voxel detections
