** ERROR: matrix column #7 is all zero!?
** ERROR: matrix column #8 is all zero!?
** ERROR: matrix column #12 is all zero!?
** ERROR: matrix column #13 is all zero!?
** ERROR: matrix column #17 is all zero!?
** ERROR: matrix column #18 is all zero!?
** ERROR: matrix column #24 is all zero!?
*+ WARNING: You said to GOFORIT, so here we GO!
*+ WARNING: !! in  matrix:
 * Largest singular value=1.90685
 * 7 singular values are less than cutoff=1.90685e-07
 * Implies strong collinearity in the matrix columns! 
*+ WARNING: -GOFORIT ==> Charging ahead into battle!
*+ WARNING: -----
*+ WARNING: QR decomposition of [R]^(-1/2) [X] had 7 collinearity problems
*+ WARNING: -----
*+ WARNING: GLT setup 38x1 matrix is all zero?
*+ WARNING: Zero-ed 930055 float errors in dataset ./stats_300618.nii.gz
*+ WARNING: mri_fdrize: will not process only 0 values (min=20)
*+ WARNING: mri_fdrize: will not process only 0 values (min=20)
*+ WARNING: mri_fdrize: will not process only 0 values (min=20)
*+ WARNING: mri_fdrize: will not process only 0 values (min=20)
*+ WARNING: mri_fdrize: will not process only 0 values (min=20)
*+ WARNING: mri_fdrize: will not process only 0 values (min=20)
*+ WARNING: mri_fdrize: will not process only 0 values (min=20)
*+ WARNING: mri_fdrize: will not process only 0 values (min=20)
*+ WARNING: mri_fdrize: will not process only 0 values (min=20)
*+ WARNING: mri_fdrize: will not process only 0 values (min=20)
*+ WARNING: mri_fdrize: will not process only 0 values (min=20)
*+ WARNING: mri_fdrize: will not process only 0 values (min=20)
*+ WARNING: mri_fdrize: will not process only 0 values (min=20)
*+ WARNING: mri_fdrize: will not process only 0 values (min=20)
